<?xml version="1.0" encoding="UTF-8"?>
<testsuite xmlns:xsi="http://www.w3.org/2001/XMLSchema-instance" xsi:noNamespaceSchemaLocation="https://maven.apache.org/surefire/maven-surefire-plugin/xsd/surefire-test-report.xsd" version="3.0.2" name="com.example.demo.domain.RemoveContentTest" time="0.014" tests="1" errors="0" skipped="0" failures="0">
  <properties>
[...]
</properties>
  <testcase name="performConvert" classname="com.example.demo.domain.RemoveContentTest" time="0.006">
    <system-out><![CDATA[2025-05-07T08:26:59.086+08:00  INFO 11824 --- [demo] [           main] t.c.s.AnnotationConfigContextLoaderUtils : Could not detect default configuration classes for test class [com.example.demo.domain.RemoveContentTest]: RemoveContentTest does not declare any static, non-private, non-final, nested classes annotated with @Configuration.
2025-05-07T08:26:59.087+08:00  INFO 11824 --- [demo] [           main] .b.t.c.SpringBootTestContextBootstrapper : Found @SpringBootConfiguration com.example.DemoApplication for test class com.example.demo.domain.RemoveContentTest
-> aabbbad
-> aaad
-> d
]]></system-out>
  </testcase>
</testsuite>